{"/Users/timfairbrother/code/app_development_BOX/apps/modules/jwt-express-auth/index.js":{"path":"/Users/timfairbrother/code/app_development_BOX/apps/modules/jwt-express-auth/index.js","s":{"1":1,"2":1,"3":10,"4":1,"5":9,"6":1,"7":8,"8":8,"9":8,"10":8,"11":6,"12":2,"13":1,"14":6,"15":3,"16":3,"17":1,"18":5,"19":5,"20":5,"21":5,"22":5,"23":1,"24":4,"25":3,"26":3,"27":2,"28":2,"29":2,"30":1,"31":8,"32":2,"33":6,"34":1,"35":6,"36":2,"37":4,"38":1,"39":6},"b":{"1":[1,9],"2":[10,9],"3":[1,8],"4":[9,9],"5":[8,6,4],"6":[6,2],"7":[3,3],"8":[6,6],"9":[3,1],"10":[4,4],"11":[2,1],"12":[2,0],"13":[2,6],"14":[2,4],"15":[6,6]},"f":{"1":10,"2":8,"3":6,"4":5,"5":4,"6":8,"7":6,"8":6},"fnMap":{"1":{"name":"(anonymous_1)","line":3,"loc":{"start":{"line":3,"column":17},"end":{"line":3,"column":35}}},"2":{"name":"authMiddleware","line":9,"loc":{"start":{"line":9,"column":11},"end":{"line":9,"column":59}}},"3":{"name":"validateUserToken","line":20,"loc":{"start":{"line":20,"column":8},"end":{"line":20,"column":55}}},"4":{"name":"unauthorized","line":28,"loc":{"start":{"line":28,"column":8},"end":{"line":28,"column":39}}},"5":{"name":"getAuthFromHeader","line":36,"loc":{"start":{"line":36,"column":8},"end":{"line":36,"column":37}}},"6":{"name":"getAuthFromQueryParam","line":48,"loc":{"start":{"line":48,"column":8},"end":{"line":48,"column":41}}},"7":{"name":"getAuthFromBody","line":55,"loc":{"start":{"line":55,"column":8},"end":{"line":55,"column":35}}},"8":{"name":"userMatch","line":62,"loc":{"start":{"line":62,"column":8},"end":{"line":62,"column":42}}}},"statementMap":{"1":{"start":{"line":1,"column":0},"end":{"line":1,"column":34}},"2":{"start":{"line":3,"column":0},"end":{"line":67,"column":2}},"3":{"start":{"line":4,"column":4},"end":{"line":4,"column":74}},"4":{"start":{"line":4,"column":37},"end":{"line":4,"column":74}},"5":{"start":{"line":5,"column":4},"end":{"line":5,"column":82}},"6":{"start":{"line":5,"column":41},"end":{"line":5,"column":82}},"7":{"start":{"line":7,"column":4},"end":{"line":7,"column":40}},"8":{"start":{"line":9,"column":4},"end":{"line":66,"column":6}},"9":{"start":{"line":10,"column":8},"end":{"line":10,"column":88}},"10":{"start":{"line":12,"column":8},"end":{"line":16,"column":9}},"11":{"start":{"line":13,"column":12},"end":{"line":13,"column":81}},"12":{"start":{"line":15,"column":12},"end":{"line":15,"column":58}},"13":{"start":{"line":20,"column":8},"end":{"line":26,"column":9}},"14":{"start":{"line":21,"column":12},"end":{"line":25,"column":13}},"15":{"start":{"line":22,"column":16},"end":{"line":22,"column":53}},"16":{"start":{"line":24,"column":16},"end":{"line":24,"column":34}},"17":{"start":{"line":28,"column":8},"end":{"line":34,"column":9}},"18":{"start":{"line":29,"column":12},"end":{"line":29,"column":36}},"19":{"start":{"line":30,"column":12},"end":{"line":30,"column":36}},"20":{"start":{"line":31,"column":12},"end":{"line":31,"column":31}},"21":{"start":{"line":32,"column":12},"end":{"line":32,"column":28}},"22":{"start":{"line":33,"column":12},"end":{"line":33,"column":31}},"23":{"start":{"line":36,"column":8},"end":{"line":46,"column":9}},"24":{"start":{"line":37,"column":12},"end":{"line":44,"column":13}},"25":{"start":{"line":38,"column":16},"end":{"line":38,"column":65}},"26":{"start":{"line":39,"column":16},"end":{"line":43,"column":17}},"27":{"start":{"line":40,"column":20},"end":{"line":42,"column":21}},"28":{"start":{"line":41,"column":24},"end":{"line":41,"column":40}},"29":{"start":{"line":45,"column":12},"end":{"line":45,"column":25}},"30":{"start":{"line":48,"column":8},"end":{"line":53,"column":9}},"31":{"start":{"line":49,"column":12},"end":{"line":51,"column":13}},"32":{"start":{"line":50,"column":16},"end":{"line":50,"column":47}},"33":{"start":{"line":52,"column":12},"end":{"line":52,"column":25}},"34":{"start":{"line":55,"column":8},"end":{"line":60,"column":9}},"35":{"start":{"line":56,"column":12},"end":{"line":58,"column":13}},"36":{"start":{"line":57,"column":16},"end":{"line":57,"column":46}},"37":{"start":{"line":59,"column":12},"end":{"line":59,"column":25}},"38":{"start":{"line":62,"column":8},"end":{"line":64,"column":9}},"39":{"start":{"line":63,"column":12},"end":{"line":63,"column":72}}},"branchMap":{"1":{"line":4,"type":"if","locations":[{"start":{"line":4,"column":4},"end":{"line":4,"column":4}},{"start":{"line":4,"column":4},"end":{"line":4,"column":4}}]},"2":{"line":4,"type":"binary-expr","locations":[{"start":{"line":4,"column":8},"end":{"line":4,"column":16}},{"start":{"line":4,"column":20},"end":{"line":4,"column":35}}]},"3":{"line":5,"type":"if","locations":[{"start":{"line":5,"column":4},"end":{"line":5,"column":4}},{"start":{"line":5,"column":4},"end":{"line":5,"column":4}}]},"4":{"line":5,"type":"binary-expr","locations":[{"start":{"line":5,"column":8},"end":{"line":5,"column":16}},{"start":{"line":5,"column":20},"end":{"line":5,"column":39}}]},"5":{"line":10,"type":"binary-expr","locations":[{"start":{"line":10,"column":20},"end":{"line":10,"column":43}},{"start":{"line":10,"column":47},"end":{"line":10,"column":64}},{"start":{"line":10,"column":68},"end":{"line":10,"column":87}}]},"6":{"line":12,"type":"if","locations":[{"start":{"line":12,"column":8},"end":{"line":12,"column":8}},{"start":{"line":12,"column":8},"end":{"line":12,"column":8}}]},"7":{"line":21,"type":"if","locations":[{"start":{"line":21,"column":12},"end":{"line":21,"column":12}},{"start":{"line":21,"column":12},"end":{"line":21,"column":12}}]},"8":{"line":21,"type":"binary-expr","locations":[{"start":{"line":21,"column":16},"end":{"line":21,"column":19}},{"start":{"line":21,"column":23},"end":{"line":21,"column":48}}]},"9":{"line":37,"type":"if","locations":[{"start":{"line":37,"column":12},"end":{"line":37,"column":12}},{"start":{"line":37,"column":12},"end":{"line":37,"column":12}}]},"10":{"line":37,"type":"binary-expr","locations":[{"start":{"line":37,"column":16},"end":{"line":37,"column":27}},{"start":{"line":37,"column":31},"end":{"line":37,"column":56}}]},"11":{"line":39,"type":"if","locations":[{"start":{"line":39,"column":16},"end":{"line":39,"column":16}},{"start":{"line":39,"column":16},"end":{"line":39,"column":16}}]},"12":{"line":40,"type":"if","locations":[{"start":{"line":40,"column":20},"end":{"line":40,"column":20}},{"start":{"line":40,"column":20},"end":{"line":40,"column":20}}]},"13":{"line":49,"type":"if","locations":[{"start":{"line":49,"column":12},"end":{"line":49,"column":12}},{"start":{"line":49,"column":12},"end":{"line":49,"column":12}}]},"14":{"line":56,"type":"if","locations":[{"start":{"line":56,"column":12},"end":{"line":56,"column":12}},{"start":{"line":56,"column":12},"end":{"line":56,"column":12}}]},"15":{"line":56,"type":"binary-expr","locations":[{"start":{"line":56,"column":16},"end":{"line":56,"column":24}},{"start":{"line":56,"column":28},"end":{"line":56,"column":50}}]}}}}