TN:
SF:/Users/timfairbrother/code/app_development_BOX/apps/modules/jwt-express-auth/index.js
FN:3,(anonymous_1)
FN:9,authMiddleware
FN:20,validateUserToken
FN:28,unauthorized
FN:36,getAuthFromHeader
FN:48,getAuthFromQueryParam
FN:55,getAuthFromBody
FN:62,userMatch
FNF:8
FNH:8
FNDA:10,(anonymous_1)
FNDA:8,authMiddleware
FNDA:6,validateUserToken
FNDA:5,unauthorized
FNDA:4,getAuthFromHeader
FNDA:8,getAuthFromQueryParam
FNDA:6,getAuthFromBody
FNDA:6,userMatch
DA:1,1
DA:3,1
DA:4,10
DA:5,9
DA:7,8
DA:9,8
DA:10,8
DA:12,8
DA:13,6
DA:15,2
DA:20,1
DA:21,6
DA:22,3
DA:24,3
DA:28,1
DA:29,5
DA:30,5
DA:31,5
DA:32,5
DA:33,5
DA:36,1
DA:37,4
DA:38,3
DA:39,3
DA:40,2
DA:41,2
DA:45,2
DA:48,1
DA:49,8
DA:50,2
DA:52,6
DA:55,1
DA:56,6
DA:57,2
DA:59,4
DA:62,1
DA:63,6
LF:37
LH:37
BRDA:4,1,0,1
BRDA:4,1,1,9
BRDA:4,2,0,10
BRDA:4,2,1,9
BRDA:5,3,0,1
BRDA:5,3,1,8
BRDA:5,4,0,9
BRDA:5,4,1,9
BRDA:10,5,0,8
BRDA:10,5,1,6
BRDA:10,5,2,4
BRDA:12,6,0,6
BRDA:12,6,1,2
BRDA:21,7,0,3
BRDA:21,7,1,3
BRDA:21,8,0,6
BRDA:21,8,1,6
BRDA:37,9,0,3
BRDA:37,9,1,1
BRDA:37,10,0,4
BRDA:37,10,1,4
BRDA:39,11,0,2
BRDA:39,11,1,1
BRDA:40,12,0,2
BRDA:40,12,1,0
BRDA:49,13,0,2
BRDA:49,13,1,6
BRDA:56,14,0,2
BRDA:56,14,1,4
BRDA:56,15,0,6
BRDA:56,15,1,6
BRF:31
BRH:30
end_of_record
